<?xml version="1.0" encoding="UTF-8"?>
<testsuite xmlns:xsi="http://www.w3.org/2001/XMLSchema-instance" xsi:noNamespaceSchemaLocation="https://maven.apache.org/surefire/maven-surefire-plugin/xsd/surefire-test-report.xsd" name="fr.ufc.l3info.oprog.ArticleTest" time="0" tests="5" errors="0" skipped="0" failures="0">
  <properties>
[...]
</properties>
  <testcase name="testArticleInEquals" classname="fr.ufc.l3info.oprog.ArticleTest" time="0"/>
  <testcase name="testArticle0" classname="fr.ufc.l3info.oprog.ArticleTest" time="0"/>
  <testcase name="testArticleInValid" classname="fr.ufc.l3info.oprog.ArticleTest" time="0"/>
  <testcase name="testArticleValid" classname="fr.ufc.l3info.oprog.ArticleTest" time="0"/>
  <testcase name="testArticleEquals" classname="fr.ufc.l3info.oprog.ArticleTest" time="0"/>
</testsuite>