<?xml version="1.0" encoding="UTF-8"?>
<testsuite xmlns:xsi="http://www.w3.org/2001/XMLSchema-instance" xsi:noNamespaceSchemaLocation="https://maven.apache.org/surefire/maven-surefire-plugin/xsd/surefire-test-report.xsd" name="fr.ufc.l3info.oprog.ScanetteTest" time="0.792" tests="17" errors="1" skipped="0" failures="0">
  <properties>
[...]
</properties>
  <testcase name="scanner_pas_panier" classname="fr.ufc.l3info.oprog.ScanetteTest" time="0"/>
  <testcase name="Scanette_no_file" classname="fr.ufc.l3info.oprog.ScanetteTest" time="0"/>
  <testcase name="quantite" classname="fr.ufc.l3info.oprog.ScanetteTest" time="0"/>
  <testcase name="abandon" classname="fr.ufc.l3info.oprog.ScanetteTest" time="0"/>
  <testcase name="Scanette" classname="fr.ufc.l3info.oprog.ScanetteTest" time="0.001"/>
  <testcase name="getReferencesInconnues" classname="fr.ufc.l3info.oprog.ScanetteTest" time="0"/>
  <testcase name="transmission" classname="fr.ufc.l3info.oprog.ScanetteTest" time="0.762">
    <error message="&#10;Mockito cannot mock this class: class fr.ufc.l3info.oprog.Caisse.&#10;&#10;Mockito can only mock non-private &amp; non-final classes.&#10;If you&apos;re not sure why you&apos;re getting this error, please report to the mailing list.&#10;&#10;&#10;Java               : 11&#10;JVM vendor name    : Oracle Corporation&#10;JVM vendor version : 11+24-Ubuntu-118.04&#10;JVM name           : OpenJDK 64-Bit Server VM&#10;JVM version        : 11+24-Ubuntu-118.04&#10;JVM info           : mixed mode, sharing&#10;OS name            : Linux&#10;OS version         : 4.15.0-36-generic&#10;&#10;&#10;Underlying exception : java.lang.UnsupportedOperationException: Cannot define class using reflection" type="org.mockito.exceptions.base.MockitoException"><![CDATA[org.mockito.exceptions.base.MockitoException: 

Mockito cannot mock this class: class fr.ufc.l3info.oprog.Caisse.

Mockito can only mock non-private & non-final classes.
If you're not sure why you're getting this error, please report to the mailing list.


Java               : 11
JVM vendor name    : Oracle Corporation
JVM vendor version : 11+24-Ubuntu-118.04
JVM name           : OpenJDK 64-Bit Server VM
JVM version        : 11+24-Ubuntu-118.04
JVM info           : mixed mode, sharing
OS name            : Linux
OS version         : 4.15.0-36-generic


Underlying exception : java.lang.UnsupportedOperationException: Cannot define class using reflection
	at fr.ufc.l3info.oprog.ScanetteTest.transmission(ScanetteTest.java:143)
Caused by: java.lang.UnsupportedOperationException: Cannot define class using reflection
	at fr.ufc.l3info.oprog.ScanetteTest.transmission(ScanetteTest.java:143)
Caused by: java.lang.IllegalArgumentException: Unknown Java version: 11
	at fr.ufc.l3info.oprog.ScanetteTest.transmission(ScanetteTest.java:143)
]]></error>
  </testcase>
  <testcase name="debloquer_bloquee" classname="fr.ufc.l3info.oprog.ScanetteTest" time="0.002"/>
  <testcase name="supprimer_false" classname="fr.ufc.l3info.oprog.ScanetteTest" time="0.002"/>
  <testcase name="supprimer_bloquee" classname="fr.ufc.l3info.oprog.ScanetteTest" time="0.002"/>
  <testcase name="scanner_fake_EAN" classname="fr.ufc.l3info.oprog.ScanetteTest" time="0.002"/>
  <testcase name="getArticles" classname="fr.ufc.l3info.oprog.ScanetteTest" time="0.002"/>
  <testcase name="Scanette_fake_file" classname="fr.ufc.l3info.oprog.ScanetteTest" time="0.003"/>
  <testcase name="scanner_bloquee" classname="fr.ufc.l3info.oprog.ScanetteTest" time="0.002"/>
  <testcase name="scanner" classname="fr.ufc.l3info.oprog.ScanetteTest" time="0.002"/>
  <testcase name="supprimer_true" classname="fr.ufc.l3info.oprog.ScanetteTest" time="0.003"/>
  <testcase name="debloquer_debloquee" classname="fr.ufc.l3info.oprog.ScanetteTest" time="0.002"/>
</testsuite>