<?xml version="1.0" encoding="UTF-8"?>
<testsuite xmlns:xsi="http://www.w3.org/2001/XMLSchema-instance" xsi:noNamespaceSchemaLocation="https://maven.apache.org/surefire/maven-surefire-plugin/xsd/surefire-test-report.xsd" name="fr.ufc.l3info.oprog.ScanetteTest" time="0.088" tests="17" errors="0" skipped="0" failures="6">
  <properties>
[...]
</properties>
  <testcase name="scanner_pas_panier" classname="fr.ufc.l3info.oprog.ScanetteTest" time="0.011">
    <failure message="expected:&lt;-1&gt; but was:&lt;-3&gt;" type="java.lang.AssertionError"><![CDATA[java.lang.AssertionError: expected:<-1> but was:<-3>
	at fr.ufc.l3info.oprog.ScanetteTest.scanner_pas_panier(ScanetteTest.java:84)
]]></failure>
  </testcase>
  <testcase name="Scanette_no_file" classname="fr.ufc.l3info.oprog.ScanetteTest" time="0.003"/>
  <testcase name="quantite" classname="fr.ufc.l3info.oprog.ScanetteTest" time="0.002"/>
  <testcase name="abandon" classname="fr.ufc.l3info.oprog.ScanetteTest" time="0.002"/>
  <testcase name="Scanette" classname="fr.ufc.l3info.oprog.ScanetteTest" time="0.004"/>
  <testcase name="getReferencesInconnues" classname="fr.ufc.l3info.oprog.ScanetteTest" time="0.002">
    <failure message="expected:&lt;[222222]&gt; but was:&lt;[]&gt;" type="java.lang.AssertionError"><![CDATA[java.lang.AssertionError: expected:<[222222]> but was:<[]>
	at fr.ufc.l3info.oprog.ScanetteTest.getReferencesInconnues(ScanetteTest.java:126)
]]></failure>
  </testcase>
  <testcase name="transmission" classname="fr.ufc.l3info.oprog.ScanetteTest" time="0.033"/>
  <testcase name="debloquer_bloquee" classname="fr.ufc.l3info.oprog.ScanetteTest" time="0"/>
  <testcase name="supprimer_false" classname="fr.ufc.l3info.oprog.ScanetteTest" time="0.001"/>
  <testcase name="supprimer_bloquee" classname="fr.ufc.l3info.oprog.ScanetteTest" time="0.002"/>
  <testcase name="scanner_fake_EAN" classname="fr.ufc.l3info.oprog.ScanetteTest" time="0.003">
    <failure message="expected:&lt;-1&gt; but was:&lt;-2&gt;" type="java.lang.AssertionError"><![CDATA[java.lang.AssertionError: expected:<-1> but was:<-2>
	at fr.ufc.l3info.oprog.ScanetteTest.scanner_fake_EAN(ScanetteTest.java:80)
]]></failure>
  </testcase>
  <testcase name="getArticles" classname="fr.ufc.l3info.oprog.ScanetteTest" time="0.004"/>
  <testcase name="Scanette_fake_file" classname="fr.ufc.l3info.oprog.ScanetteTest" time="0.002"/>
  <testcase name="scanner_bloquee" classname="fr.ufc.l3info.oprog.ScanetteTest" time="0.003"/>
  <testcase name="scanner" classname="fr.ufc.l3info.oprog.ScanetteTest" time="0.002">
    <failure message="expected:&lt;-1&gt; but was:&lt;0&gt;" type="java.lang.AssertionError"><![CDATA[java.lang.AssertionError: expected:<-1> but was:<0>
	at fr.ufc.l3info.oprog.ScanetteTest.scanner(ScanetteTest.java:87)
]]></failure>
  </testcase>
  <testcase name="supprimer_true" classname="fr.ufc.l3info.oprog.ScanetteTest" time="0.002">
    <failure message="expected:&lt;-1&gt; but was:&lt;0&gt;" type="java.lang.AssertionError"><![CDATA[java.lang.AssertionError: expected:<-1> but was:<0>
	at fr.ufc.l3info.oprog.ScanetteTest.supprimer_true(ScanetteTest.java:91)
]]></failure>
  </testcase>
  <testcase name="debloquer_debloquee" classname="fr.ufc.l3info.oprog.ScanetteTest" time="0.004">
    <failure message="expected:&lt;0&gt; but was:&lt;-1&gt;" type="java.lang.AssertionError"><![CDATA[java.lang.AssertionError: expected:<0> but was:<-1>
	at fr.ufc.l3info.oprog.ScanetteTest.debloquer_debloquee(ScanetteTest.java:71)
]]></failure>
  </testcase>
</testsuite>